# JRE version: Java(TM) SE Runtime Environment (8.0_11-b12) (build 1.8.0_11-b12)
# Java VM: Java HotSpot(TM) 64-Bit Server VM (25.11-b03 mixed mode windows-amd64 compressed oops)
Heap:
 PSYoungGen      total 2560K, used 587K [0x00000000d5e00000, 0x00000000d6100000, 0x0000000100000000)
  eden space 2048K, 3% used [0x00000000d5e00000,0x00000000d5e12f48,0x00000000d6000000)
  from space 512K, 100% used [0x00000000d6080000,0x00000000d6100000,0x00000000d6100000)
  to   space 512K, 0% used [0x00000000d6000000,0x00000000d6000000,0x00000000d6080000)
 ParOldGen       total 129536K, used 13615K [0x0000000081a00000, 0x0000000089880000, 0x00000000d5e00000)
  object space 129536K, 10% used [0x0000000081a00000,0x000000008274bdd0,0x0000000089880000)
 Metaspace       used 8164K, capacity 8310K, committed 8576K, reserved 1056768K
  class space    used 998K, capacity 1049K, committed 1152K, reserved 1048576K
GC Heap History (8 events):
Event: 0.076 GC heap before
{Heap before GC invocations=1 (full 0):
 PSYoungGen      total 1024K, used 512K [0x00000000d5e00000, 0x00000000d5f80000, 0x0000000100000000)
  eden space 512K, 100% used [0x00000000d5e00000,0x00000000d5e80000,0x00000000d5e80000)
  from space 512K, 0% used [0x00000000d5f00000,0x00000000d5f00000,0x00000000d5f80000)
  to   space 512K, 0% used [0x00000000d5e80000,0x00000000d5e80000,0x00000000d5f00000)
 ParOldGen       total 129536K, used 0K [0x0000000081a00000, 0x0000000089880000, 0x00000000d5e00000)
  object space 129536K, 0% used [0x0000000081a00000,0x0000000081a00000,0x0000000089880000)
 Metaspace       used 2769K, capacity 4526K, committed 4864K, reserved 1056768K
  class space    used 307K, capacity 418K, committed 512K, reserved 1048576K
Event: 0.078 GC heap after
Heap after GC invocations=1 (full 0):
 PSYoungGen      total 1024K, used 480K [0x00000000d5e00000, 0x00000000d6000000, 0x0000000100000000)
  eden space 512K, 0% used [0x00000000d5e00000,0x00000000d5e00000,0x00000000d5e80000)
  from space 512K, 93% used [0x00000000d5e80000,0x00000000d5ef8020,0x00000000d5f00000)
  to   space 512K, 0% used [0x00000000d5f80000,0x00000000d5f80000,0x00000000d6000000)
 ParOldGen       total 129536K, used 16K [0x0000000081a00000, 0x0000000089880000, 0x00000000d5e00000)
  object space 129536K, 0% used [0x0000000081a00000,0x0000000081a04000,0x0000000089880000)
 Metaspace       used 2769K, capacity 4526K, committed 4864K, reserved 1056768K
  class space    used 307K, capacity 418K, committed 512K, reserved 1048576K
}
Event: 0.126 GC heap before
{Heap before GC invocations=2 (full 0):
 PSYoungGen      total 1024K, used 992K [0x00000000d5e00000, 0x00000000d6000000, 0x0000000100000000)
  eden space 512K, 100% used [0x00000000d5e00000,0x00000000d5e80000,0x00000000d5e80000)
  from space 512K, 93% used [0x00000000d5e80000,0x00000000d5ef8020,0x00000000d5f00000)
  to   space 512K, 0% used [0x00000000d5f80000,0x00000000d5f80000,0x00000000d6000000)
 ParOldGen       total 129536K, used 16K [0x0000000081a00000, 0x0000000089880000, 0x00000000d5e00000)
  object space 129536K, 0% used [0x0000000081a00000,0x0000000081a04000,0x0000000089880000)
 Metaspace       used 4548K, capacity 4688K, committed 4992K, reserved 1056768K
  class space    used 519K, capacity 567K, committed 640K, reserved 1048576K
Event: 0.127 GC heap after
Heap after GC invocations=2 (full 0):
 PSYoungGen      total 1536K, used 480K [0x00000000d5e00000, 0x00000000d6000000, 0x0000000100000000)
  eden space 1024K, 0% used [0x00000000d5e00000,0x00000000d5e00000,0x00000000d5f00000)
  from space 512K, 93% used [0x00000000d5f80000,0x00000000d5ff8020,0x00000000d6000000)
  to   space 512K, 0% used [0x00000000d5f00000,0x00000000d5f00000,0x00000000d5f80000)
 ParOldGen       total 129536K, used 128K [0x0000000081a00000, 0x0000000089880000, 0x00000000d5e00000)
  object space 129536K, 0% used [0x0000000081a00000,0x0000000081a20000,0x0000000089880000)
 Metaspace       used 4548K, capacity 4688K, committed 4992K, reserved 1056768K
  class space    used 519K, capacity 567K, committed 640K, reserved 1048576K
}
Event: 0.193 GC heap before
{Heap before GC invocations=3 (full 0):
 PSYoungGen      total 1536K, used 1504K [0x00000000d5e00000, 0x00000000d6000000, 0x0000000100000000)
  eden space 1024K, 100% used [0x00000000d5e00000,0x00000000d5f00000,0x00000000d5f00000)
  from space 512K, 93% used [0x00000000d5f80000,0x00000000d5ff8020,0x00000000d6000000)
  to   space 512K, 0% used [0x00000000d5f00000,0x00000000d5f00000,0x00000000d5f80000)
 ParOldGen       total 129536K, used 128K [0x0000000081a00000, 0x0000000089880000, 0x00000000d5e00000)
  object space 129536K, 0% used [0x0000000081a00000,0x0000000081a20000,0x0000000089880000)
 Metaspace       used 5905K, capacity 6010K, committed 6144K, reserved 1056768K
  class space    used 688K, capacity 756K, committed 768K, reserved 1048576K
Event: 0.194 GC heap after
Heap after GC invocations=3 (full 0):
 PSYoungGen      total 1536K, used 480K [0x00000000d5e00000, 0x00000000d6100000, 0x0000000100000000)
  eden space 1024K, 0% used [0x00000000d5e00000,0x00000000d5e00000,0x00000000d5f00000)
  from space 512K, 93% used [0x00000000d5f00000,0x00000000d5f78020,0x00000000d5f80000)
  to   space 512K, 0% used [0x00000000d6080000,0x00000000d6080000,0x00000000d6100000)
 ParOldGen       total 129536K, used 600K [0x0000000081a00000, 0x0000000089880000, 0x00000000d5e00000)
  object space 129536K, 0% used [0x0000000081a00000,0x0000000081a96010,0x0000000089880000)
 Metaspace       used 5905K, capacity 6010K, committed 6144K, reserved 1056768K
  class space    used 688K, capacity 756K, committed 768K, reserved 1048576K
}
Event: 3.376 GC heap before
{Heap before GC invocations=4 (full 0):
 PSYoungGen      total 1536K, used 1504K [0x00000000d5e00000, 0x00000000d6100000, 0x0000000100000000)
  eden space 1024K, 100% used [0x00000000d5e00000,0x00000000d5f00000,0x00000000d5f00000)
  from space 512K, 93% used [0x00000000d5f00000,0x00000000d5f78020,0x00000000d5f80000)
  to   space 512K, 0% used [0x00000000d6080000,0x00000000d6080000,0x00000000d6100000)
 ParOldGen       total 129536K, used 13295K [0x0000000081a00000, 0x0000000089880000, 0x00000000d5e00000)
  object space 129536K, 10% used [0x0000000081a00000,0x00000000826fbd80,0x0000000089880000)
 Metaspace       used 8160K, capacity 8310K, committed 8576K, reserved 1056768K
  class space    used 997K, capacity 1049K, committed 1152K, reserved 1048576K
Event: 3.378 GC heap after
Heap after GC invocations=4 (full 0):
 PSYoungGen      total 2560K, used 512K [0x00000000d5e00000, 0x00000000d6100000, 0x0000000100000000)
  eden space 2048K, 0% used [0x00000000d5e00000,0x00000000d5e00000,0x00000000d6000000)
  from space 512K, 100% used [0x00000000d6080000,0x00000000d6100000,0x00000000d6100000)
  to   space 512K, 0% used [0x00000000d6000000,0x00000000d6000000,0x00000000d6080000)
 ParOldGen       total 129536K, used 13615K [0x0000000081a00000, 0x0000000089880000, 0x00000000d5e00000)
  object space 129536K, 10% used [0x0000000081a00000,0x000000008274bdd0,0x0000000089880000)
 Metaspace       used 8160K, capacity 8310K, committed 8576K, reserved 1056768K
  class space    used 997K, capacity 1049K, committed 1152K, reserved 1048576K
}

